16-06-15 14:55:51.584 0 ERROR [car2go_seller_regressionTesting\test\seller_api_testing.js] 模拟登陆失败！
16-06-15 14:55:51.607 0 ERROR [car2go_seller_regressionTesting\test\seller_api_testing.js] 模拟登陆数据：{ userName: '15940852981', password: 'xinnian1', sign_code: '' }
16-06-15 14:55:51.610 0 ERROR [car2go_seller_regressionTesting\test\seller_api_testing.js] 模拟登陆返回数据：
{}
16-06-15 14:57:18.314 0 ERROR [car2go_seller_regressionTesting\test\seller_api_testing.js] 模拟登陆失败！
16-06-15 14:57:18.332 0 ERROR [car2go_seller_regressionTesting\test\seller_api_testing.js] 模拟登陆数据：{ userName: '15940852981', password: 'xinnian1', sign_code: '' }
16-06-15 14:57:18.334 0 ERROR [car2go_seller_regressionTesting\test\seller_api_testing.js] 模拟登陆返回数据：
{}
16-06-15 14:58:01.344 0 ERROR [car2go_seller_regressionTesting\test\seller_api_testing.js] 模拟登陆失败！
16-06-15 14:58:01.360 0 ERROR [car2go_seller_regressionTesting\test\seller_api_testing.js] 模拟登陆数据：{ userName: '15940852981', password: 'xinnian1', sign_code: '' }
16-06-15 14:58:01.365 0 ERROR [car2go_seller_regressionTesting\test\seller_api_testing.js] 模拟登陆返回数据：
{}
16-06-15 14:58:01.683 0 ERROR [car2go_seller_regressionTesting\test\seller_api_testing.js] uncaughtException: should(...).be.not.exist is not a function
	{"date":"Wed Jun 15 2016 14:58:01 GMT+0800 (中国标准时间)","process":{"pid":14624,"uid":null,"gid":null,"cwd":"D:\\SOSOQIPEI\\car2go_seller_regressionTesting","execPath":"E:\\Program Files\\nodejs\\node.exe","version":"v4.4.5","argv":["E:\\Program Files\\nodejs\\node.exe","D:\\SOSOQIPEI\\car2go_seller_regressionTesting\\node_modules\\mocha\\bin\\_mocha","-t","10000","./test"],"memoryUsage":{"rss":38416384,"heapTotal":22864208,"heapUsed":15396800}},"os":{"loadavg":[0,0,0],"uptime":324744.1061919},"trace":[{"column":36,"file":"D:\\SOSOQIPEI\\car2go_seller_regressionTesting\\test\\seller_api_testing.js","function":"","line":147,"method":null,"native":false},{"column":6,"file":"D:\\SOSOQIPEI\\car2go_seller_regressionTesting\\node_modules\\supertest\\lib\\test.js","function":"Test.assert","line":156,"method":"assert","native":false},{"column":12,"file":"D:\\SOSOQIPEI\\car2go_seller_regressionTesting\\node_modules\\supertest\\lib\\test.js","function":"assert","line":127,"method":null,"native":false},{"column":5,"file":"D:\\SOSOQIPEI\\car2go_seller_regressionTesting\\node_modules\\supertest\\lib\\test.js","function":null,"line":124,"method":null,"native":false},{"column":12,"file":"D:\\SOSOQIPEI\\car2go_seller_regressionTesting\\node_modules\\supertest\\node_modules\\superagent\\lib\\node\\index.js","function":"Test.Request.callback","line":691,"method":"Request.callback","native":false},{"column":12,"file":"D:\\SOSOQIPEI\\car2go_seller_regressionTesting\\node_modules\\supertest\\node_modules\\superagent\\lib\\node\\index.js","function":"","line":922,"method":null,"native":false},{"column":20,"file":"events.js","function":"emitNone","line":72,"method":null,"native":false},{"column":7,"file":"events.js","function":"IncomingMessage.emit","line":166,"method":"emit","native":false},{"column":12,"file":"_stream_readable.js","function":"endReadableNT","line":913,"method":null,"native":false},{"column":9,"file":"node.js","function":"nextTickCallbackWith2Args","line":442,"method":null,"native":false},{"column":17,"file":"node.js","function":"process._tickCallback","line":356,"method":"_tickCallback","native":false}],"stack":["TypeError: should(...).be.not.exist is not a function","    at Test.<anonymous> (D:\\SOSOQIPEI\\car2go_seller_regressionTesting\\test\\seller_api_testing.js:147:36)","    at Test.assert (D:\\SOSOQIPEI\\car2go_seller_regressionTesting\\node_modules\\supertest\\lib\\test.js:156:6)","    at assert (D:\\SOSOQIPEI\\car2go_seller_regressionTesting\\node_modules\\supertest\\lib\\test.js:127:12)","    at D:\\SOSOQIPEI\\car2go_seller_regressionTesting\\node_modules\\supertest\\lib\\test.js:124:5","    at Test.Request.callback (D:\\SOSOQIPEI\\car2go_seller_regressionTesting\\node_modules\\supertest\\node_modules\\superagent\\lib\\node\\index.js:691:12)","    at IncomingMessage.<anonymous> (D:\\SOSOQIPEI\\car2go_seller_regressionTesting\\node_modules\\supertest\\node_modules\\superagent\\lib\\node\\index.js:922:12)","    at emitNone (events.js:72:20)","    at IncomingMessage.emit (events.js:166:7)","    at endReadableNT (_stream_readable.js:913:12)","    at nextTickCallbackWith2Args (node.js:442:9)","    at process._tickCallback (node.js:356:17)"]}
16-06-15 14:59:04.408 0 ERROR [car2go_seller_regressionTesting\test\seller_api_testing.js] 模拟登陆失败！
16-06-15 14:59:04.433 0 ERROR [car2go_seller_regressionTesting\test\seller_api_testing.js] 模拟登陆数据：{ userName: '15940852981', password: 'xinnian1', sign_code: '' }
16-06-15 14:59:04.436 0 ERROR [car2go_seller_regressionTesting\test\seller_api_testing.js] 模拟登陆返回数据：
{}
16-06-15 14:59:04.895 0 ERROR [car2go_seller_regressionTesting\test\seller_api_testing.js] uncaughtException: expected 120004 to be 0
	{"date":"Wed Jun 15 2016 14:59:04 GMT+0800 (中国标准时间)","process":{"pid":7472,"uid":null,"gid":null,"cwd":"D:\\SOSOQIPEI\\car2go_seller_regressionTesting","execPath":"E:\\Program Files\\nodejs\\node.exe","version":"v4.4.5","argv":["E:\\Program Files\\nodejs\\node.exe","D:\\SOSOQIPEI\\car2go_seller_regressionTesting\\node_modules\\mocha\\bin\\_mocha","-t","10000","./test"],"memoryUsage":{"rss":38699008,"heapTotal":22864208,"heapUsed":15494288}},"os":{"loadavg":[0,0,0],"uptime":324807.3149607},"trace":[{"column":17,"file":"D:\\SOSOQIPEI\\car2go_seller_regressionTesting\\node_modules\\should\\cjs\\should.js","function":"Assertion.fail","line":326,"method":"fail","native":false},{"column":19,"file":"D:\\SOSOQIPEI\\car2go_seller_regressionTesting\\node_modules\\should\\cjs\\should.js","function":"Assertion.Object.defineProperty.value","line":398,"method":"Object.defineProperty.value","native":false},{"column":39,"file":"D:\\SOSOQIPEI\\car2go_seller_regressionTesting\\test\\seller_api_testing.js","function":"","line":148,"method":null,"native":false},{"column":6,"file":"D:\\SOSOQIPEI\\car2go_seller_regressionTesting\\node_modules\\supertest\\lib\\test.js","function":"Test.assert","line":156,"method":"assert","native":false},{"column":12,"file":"D:\\SOSOQIPEI\\car2go_seller_regressionTesting\\node_modules\\supertest\\lib\\test.js","function":"assert","line":127,"method":null,"native":false},{"column":5,"file":"D:\\SOSOQIPEI\\car2go_seller_regressionTesting\\node_modules\\supertest\\lib\\test.js","function":null,"line":124,"method":null,"native":false},{"column":12,"file":"D:\\SOSOQIPEI\\car2go_seller_regressionTesting\\node_modules\\supertest\\node_modules\\superagent\\lib\\node\\index.js","function":"Test.Request.callback","line":691,"method":"Request.callback","native":false},{"column":12,"file":"D:\\SOSOQIPEI\\car2go_seller_regressionTesting\\node_modules\\supertest\\node_modules\\superagent\\lib\\node\\index.js","function":"","line":922,"method":null,"native":false},{"column":20,"file":"events.js","function":"emitNone","line":72,"method":null,"native":false},{"column":7,"file":"events.js","function":"IncomingMessage.emit","line":166,"method":"emit","native":false},{"column":12,"file":"_stream_readable.js","function":"endReadableNT","line":913,"method":null,"native":false},{"column":9,"file":"node.js","function":"nextTickCallbackWith2Args","line":442,"method":null,"native":false},{"column":17,"file":"node.js","function":"process._tickCallback","line":356,"method":"_tickCallback","native":false}],"stack":["AssertionError: expected 120004 to be 0","    at Assertion.fail (D:\\SOSOQIPEI\\car2go_seller_regressionTesting\\node_modules\\should\\cjs\\should.js:326:17)","    at Assertion.Object.defineProperty.value (D:\\SOSOQIPEI\\car2go_seller_regressionTesting\\node_modules\\should\\cjs\\should.js:398:19)","    at Test.<anonymous> (D:\\SOSOQIPEI\\car2go_seller_regressionTesting\\test\\seller_api_testing.js:148:39)","    at Test.assert (D:\\SOSOQIPEI\\car2go_seller_regressionTesting\\node_modules\\supertest\\lib\\test.js:156:6)","    at assert (D:\\SOSOQIPEI\\car2go_seller_regressionTesting\\node_modules\\supertest\\lib\\test.js:127:12)","    at D:\\SOSOQIPEI\\car2go_seller_regressionTesting\\node_modules\\supertest\\lib\\test.js:124:5","    at Test.Request.callback (D:\\SOSOQIPEI\\car2go_seller_regressionTesting\\node_modules\\supertest\\node_modules\\superagent\\lib\\node\\index.js:691:12)","    at IncomingMessage.<anonymous> (D:\\SOSOQIPEI\\car2go_seller_regressionTesting\\node_modules\\supertest\\node_modules\\superagent\\lib\\node\\index.js:922:12)","    at emitNone (events.js:72:20)","    at IncomingMessage.emit (events.js:166:7)","    at endReadableNT (_stream_readable.js:913:12)","    at nextTickCallbackWith2Args (node.js:442:9)","    at process._tickCallback (node.js:356:17)"]}
16-06-15 15:01:15.478 0 ERROR [car2go_seller_regressionTesting\test\seller_api_testing.js] 模拟登陆失败！
16-06-15 15:01:15.481 0 ERROR [car2go_seller_regressionTesting\test\seller_api_testing.js] 模拟登陆数据：{ userName: '15940852981', password: 'xinnian1', sign_code: '' }
16-06-15 15:01:15.481 0 ERROR [car2go_seller_regressionTesting\test\seller_api_testing.js] 模拟登陆返回数据：
{}
16-06-15 15:01:15.673 0 ERROR [car2go_seller_regressionTesting\test\seller_api_testing.js] uncaughtException: expected 120004 to be 0
	{"date":"Wed Jun 15 2016 15:01:15 GMT+0800 (中国标准时间)","process":{"pid":8036,"uid":null,"gid":null,"cwd":"D:\\SOSOQIPEI\\car2go_seller_regressionTesting","execPath":"E:\\Program Files\\nodejs\\node.exe","version":"v4.4.5","argv":["E:\\Program Files\\nodejs\\node.exe","D:\\SOSOQIPEI\\car2go_seller_regressionTesting\\node_modules\\mocha\\bin\\_mocha","--timeout","0","--ui","bdd","--reporter","E:\\Program Files (x86)\\JetBrains\\WebStorm 2016.1.1\\plugins\\NodeJS\\js\\mocha-intellij\\lib\\mochaIntellijReporter.js","D:/SOSOQIPEI/car2go_seller_regressionTesting/test"],"memoryUsage":{"rss":51019776,"heapTotal":35223376,"heapUsed":21415552}},"os":{"loadavg":[0,0,0],"uptime":324938.1595228},"trace":[{"column":17,"file":"D:\\SOSOQIPEI\\car2go_seller_regressionTesting\\node_modules\\should\\cjs\\should.js","function":"Assertion.fail","line":326,"method":"fail","native":false},{"column":19,"file":"D:\\SOSOQIPEI\\car2go_seller_regressionTesting\\node_modules\\should\\cjs\\should.js","function":"Assertion.add.Object.defineProperty.value","line":398,"method":"add.Object.defineProperty.value","native":false},{"column":39,"file":"D:\\SOSOQIPEI\\car2go_seller_regressionTesting\\test\\seller_api_testing.js","function":"","line":148,"method":null,"native":false},{"column":6,"file":"D:\\SOSOQIPEI\\car2go_seller_regressionTesting\\node_modules\\supertest\\lib\\test.js","function":"Test.assert","line":156,"method":"assert","native":false},{"column":12,"file":"D:\\SOSOQIPEI\\car2go_seller_regressionTesting\\node_modules\\supertest\\lib\\test.js","function":"assert","line":127,"method":null,"native":false},{"column":5,"file":"D:\\SOSOQIPEI\\car2go_seller_regressionTesting\\node_modules\\supertest\\lib\\test.js","function":null,"line":124,"method":null,"native":false},{"column":12,"file":"D:\\SOSOQIPEI\\car2go_seller_regressionTesting\\node_modules\\supertest\\node_modules\\superagent\\lib\\node\\index.js","function":"Test.Request.callback","line":691,"method":"Request.callback","native":false},{"column":12,"file":"D:\\SOSOQIPEI\\car2go_seller_regressionTesting\\node_modules\\supertest\\node_modules\\superagent\\lib\\node\\index.js","function":"","line":922,"method":null,"native":false},{"column":20,"file":"events.js","function":"emitNone","line":72,"method":null,"native":false},{"column":7,"file":"events.js","function":"IncomingMessage.emit","line":166,"method":"emit","native":false},{"column":12,"file":"_stream_readable.js","function":"endReadableNT","line":913,"method":null,"native":false},{"column":9,"file":"node.js","function":"nextTickCallbackWith2Args","line":442,"method":null,"native":false},{"column":17,"file":"node.js","function":"process._tickCallback","line":356,"method":"_tickCallback","native":false}],"stack":["AssertionError: expected 120004 to be 0","    at Assertion.fail (D:\\SOSOQIPEI\\car2go_seller_regressionTesting\\node_modules\\should\\cjs\\should.js:326:17)","    at Assertion.add.Object.defineProperty.value (D:\\SOSOQIPEI\\car2go_seller_regressionTesting\\node_modules\\should\\cjs\\should.js:398:19)","    at Test.<anonymous> (D:\\SOSOQIPEI\\car2go_seller_regressionTesting\\test\\seller_api_testing.js:148:39)","    at Test.assert (D:\\SOSOQIPEI\\car2go_seller_regressionTesting\\node_modules\\supertest\\lib\\test.js:156:6)","    at assert (D:\\SOSOQIPEI\\car2go_seller_regressionTesting\\node_modules\\supertest\\lib\\test.js:127:12)","    at D:\\SOSOQIPEI\\car2go_seller_regressionTesting\\node_modules\\supertest\\lib\\test.js:124:5","    at Test.Request.callback (D:\\SOSOQIPEI\\car2go_seller_regressionTesting\\node_modules\\supertest\\node_modules\\superagent\\lib\\node\\index.js:691:12)","    at IncomingMessage.<anonymous> (D:\\SOSOQIPEI\\car2go_seller_regressionTesting\\node_modules\\supertest\\node_modules\\superagent\\lib\\node\\index.js:922:12)","    at emitNone (events.js:72:20)","    at IncomingMessage.emit (events.js:166:7)","    at endReadableNT (_stream_readable.js:913:12)","    at nextTickCallbackWith2Args (node.js:442:9)","    at process._tickCallback (node.js:356:17)"]}
16-06-15 15:01:54.861 0 ERROR [car2go_seller_regressionTesting\test\seller_api_testing.js] 模拟登陆失败！
16-06-15 15:01:54.866 0 ERROR [car2go_seller_regressionTesting\test\seller_api_testing.js] 模拟登陆数据：{ userName: '15940852981', password: 'xinnian1', sign_code: '' }
16-06-15 15:01:54.867 0 ERROR [car2go_seller_regressionTesting\test\seller_api_testing.js] 模拟登陆返回数据：
{}
16-06-15 15:03:36.428 0 ERROR [car2go_seller_regressionTesting\test\seller_api_testing.js] 模拟登陆失败！
16-06-15 15:03:36.431 0 ERROR [car2go_seller_regressionTesting\test\seller_api_testing.js] 模拟登陆数据：{ userName: '15940852981', password: 'xinnian1', sign_code: '' }
16-06-15 15:03:36.431 0 ERROR [car2go_seller_regressionTesting\test\seller_api_testing.js] 模拟登陆返回数据：
{}
16-06-15 15:09:34.101 0 ERROR [car2go_seller_regressionTesting\test\seller_api_testing.js] uncaughtException: expected 120004 to be 0
	{"date":"Wed Jun 15 2016 15:09:33 GMT+0800 (中国标准时间)","process":{"pid":10492,"uid":null,"gid":null,"cwd":"D:\\SOSOQIPEI\\car2go_seller_regressionTesting","execPath":"E:\\Program Files\\nodejs\\node.exe","version":"v4.4.5","argv":["E:\\Program Files\\nodejs\\node.exe","D:\\SOSOQIPEI\\car2go_seller_regressionTesting\\node_modules\\mocha\\bin\\_mocha","-t","10000","./test"],"memoryUsage":{"rss":39247872,"heapTotal":22864208,"heapUsed":18041456}},"os":{"loadavg":[0,0,0],"uptime":325436.5119483},"trace":[{"column":17,"file":"D:\\SOSOQIPEI\\car2go_seller_regressionTesting\\node_modules\\should\\cjs\\should.js","function":"Assertion.fail","line":326,"method":"fail","native":false},{"column":19,"file":"D:\\SOSOQIPEI\\car2go_seller_regressionTesting\\node_modules\\should\\cjs\\should.js","function":"Assertion.Object.defineProperty.value","line":398,"method":"Object.defineProperty.value","native":false},{"column":39,"file":"D:\\SOSOQIPEI\\car2go_seller_regressionTesting\\test\\seller_api_testing.js","function":"","line":148,"method":null,"native":false},{"column":6,"file":"D:\\SOSOQIPEI\\car2go_seller_regressionTesting\\node_modules\\supertest\\lib\\test.js","function":"Test.assert","line":156,"method":"assert","native":false},{"column":12,"file":"D:\\SOSOQIPEI\\car2go_seller_regressionTesting\\node_modules\\supertest\\lib\\test.js","function":"assert","line":127,"method":null,"native":false},{"column":5,"file":"D:\\SOSOQIPEI\\car2go_seller_regressionTesting\\node_modules\\supertest\\lib\\test.js","function":null,"line":124,"method":null,"native":false},{"column":12,"file":"D:\\SOSOQIPEI\\car2go_seller_regressionTesting\\node_modules\\supertest\\node_modules\\superagent\\lib\\node\\index.js","function":"Test.Request.callback","line":691,"method":"Request.callback","native":false},{"column":12,"file":"D:\\SOSOQIPEI\\car2go_seller_regressionTesting\\node_modules\\supertest\\node_modules\\superagent\\lib\\node\\index.js","function":"","line":922,"method":null,"native":false},{"column":20,"file":"events.js","function":"emitNone","line":72,"method":null,"native":false},{"column":7,"file":"events.js","function":"IncomingMessage.emit","line":166,"method":"emit","native":false},{"column":12,"file":"_stream_readable.js","function":"endReadableNT","line":913,"method":null,"native":false},{"column":9,"file":"node.js","function":"nextTickCallbackWith2Args","line":442,"method":null,"native":false},{"column":17,"file":"node.js","function":"process._tickCallback","line":356,"method":"_tickCallback","native":false}],"stack":["AssertionError: expected 120004 to be 0","    at Assertion.fail (D:\\SOSOQIPEI\\car2go_seller_regressionTesting\\node_modules\\should\\cjs\\should.js:326:17)","    at Assertion.Object.defineProperty.value (D:\\SOSOQIPEI\\car2go_seller_regressionTesting\\node_modules\\should\\cjs\\should.js:398:19)","    at Test.<anonymous> (D:\\SOSOQIPEI\\car2go_seller_regressionTesting\\test\\seller_api_testing.js:148:39)","    at Test.assert (D:\\SOSOQIPEI\\car2go_seller_regressionTesting\\node_modules\\supertest\\lib\\test.js:156:6)","    at assert (D:\\SOSOQIPEI\\car2go_seller_regressionTesting\\node_modules\\supertest\\lib\\test.js:127:12)","    at D:\\SOSOQIPEI\\car2go_seller_regressionTesting\\node_modules\\supertest\\lib\\test.js:124:5","    at Test.Request.callback (D:\\SOSOQIPEI\\car2go_seller_regressionTesting\\node_modules\\supertest\\node_modules\\superagent\\lib\\node\\index.js:691:12)","    at IncomingMessage.<anonymous> (D:\\SOSOQIPEI\\car2go_seller_regressionTesting\\node_modules\\supertest\\node_modules\\superagent\\lib\\node\\index.js:922:12)","    at emitNone (events.js:72:20)","    at IncomingMessage.emit (events.js:166:7)","    at endReadableNT (_stream_readable.js:913:12)","    at nextTickCallbackWith2Args (node.js:442:9)","    at process._tickCallback (node.js:356:17)"]}
16-06-15 15:14:45.212 0 ERROR [car2go_seller_regressionTesting\test\seller_api_testing.js] uncaughtException: expected 120004 to be 0
	{"date":"Wed Jun 15 2016 15:14:45 GMT+0800 (中国标准时间)","process":{"pid":11540,"uid":null,"gid":null,"cwd":"D:\\SOSOQIPEI\\car2go_seller_regressionTesting","execPath":"E:\\Program Files\\nodejs\\node.exe","version":"v4.4.5","argv":["E:\\Program Files\\nodejs\\node.exe","D:\\SOSOQIPEI\\car2go_seller_regressionTesting\\node_modules\\mocha\\bin\\_mocha","--ui","bdd","--reporter","E:\\Program Files (x86)\\JetBrains\\WebStorm 2016.1.1\\plugins\\NodeJS\\js\\mocha-intellij\\lib\\mochaIntellijReporter.js","D:/SOSOQIPEI/car2go_seller_regressionTesting/test"],"memoryUsage":{"rss":40349696,"heapTotal":32151632,"heapUsed":15990264}},"os":{"loadavg":[0,0,0],"uptime":325747.7077129},"trace":[{"column":17,"file":"D:\\SOSOQIPEI\\car2go_seller_regressionTesting\\node_modules\\should\\cjs\\should.js","function":"Assertion.fail","line":326,"method":"fail","native":false},{"column":19,"file":"D:\\SOSOQIPEI\\car2go_seller_regressionTesting\\node_modules\\should\\cjs\\should.js","function":"Assertion.Object.defineProperty.value","line":398,"method":"Object.defineProperty.value","native":false},{"column":39,"file":"D:\\SOSOQIPEI\\car2go_seller_regressionTesting\\test\\seller_api_testing.js","function":"","line":148,"method":null,"native":false},{"column":6,"file":"D:\\SOSOQIPEI\\car2go_seller_regressionTesting\\node_modules\\supertest\\lib\\test.js","function":"Test.assert","line":156,"method":"assert","native":false},{"column":12,"file":"D:\\SOSOQIPEI\\car2go_seller_regressionTesting\\node_modules\\supertest\\lib\\test.js","function":"assert","line":127,"method":null,"native":false},{"column":5,"file":"D:\\SOSOQIPEI\\car2go_seller_regressionTesting\\node_modules\\supertest\\lib\\test.js","function":null,"line":124,"method":null,"native":false},{"column":12,"file":"D:\\SOSOQIPEI\\car2go_seller_regressionTesting\\node_modules\\supertest\\node_modules\\superagent\\lib\\node\\index.js","function":"Test.Request.callback","line":691,"method":"Request.callback","native":false},{"column":12,"file":"D:\\SOSOQIPEI\\car2go_seller_regressionTesting\\node_modules\\supertest\\node_modules\\superagent\\lib\\node\\index.js","function":"","line":922,"method":null,"native":false},{"column":20,"file":"events.js","function":"emitNone","line":72,"method":null,"native":false},{"column":7,"file":"events.js","function":"IncomingMessage.emit","line":166,"method":"emit","native":false},{"column":12,"file":"_stream_readable.js","function":"endReadableNT","line":913,"method":null,"native":false},{"column":9,"file":"node.js","function":"nextTickCallbackWith2Args","line":442,"method":null,"native":false},{"column":17,"file":"node.js","function":"process._tickCallback","line":356,"method":"_tickCallback","native":false}],"stack":["AssertionError: expected 120004 to be 0","    at Assertion.fail (D:\\SOSOQIPEI\\car2go_seller_regressionTesting\\node_modules\\should\\cjs\\should.js:326:17)","    at Assertion.Object.defineProperty.value (D:\\SOSOQIPEI\\car2go_seller_regressionTesting\\node_modules\\should\\cjs\\should.js:398:19)","    at Test.<anonymous> (D:\\SOSOQIPEI\\car2go_seller_regressionTesting\\test\\seller_api_testing.js:148:39)","    at Test.assert (D:\\SOSOQIPEI\\car2go_seller_regressionTesting\\node_modules\\supertest\\lib\\test.js:156:6)","    at assert (D:\\SOSOQIPEI\\car2go_seller_regressionTesting\\node_modules\\supertest\\lib\\test.js:127:12)","    at D:\\SOSOQIPEI\\car2go_seller_regressionTesting\\node_modules\\supertest\\lib\\test.js:124:5","    at Test.Request.callback (D:\\SOSOQIPEI\\car2go_seller_regressionTesting\\node_modules\\supertest\\node_modules\\superagent\\lib\\node\\index.js:691:12)","    at IncomingMessage.<anonymous> (D:\\SOSOQIPEI\\car2go_seller_regressionTesting\\node_modules\\supertest\\node_modules\\superagent\\lib\\node\\index.js:922:12)","    at emitNone (events.js:72:20)","    at IncomingMessage.emit (events.js:166:7)","    at endReadableNT (_stream_readable.js:913:12)","    at nextTickCallbackWith2Args (node.js:442:9)","    at process._tickCallback (node.js:356:17)"]}
16-06-15 15:15:10.822 0 ERROR [car2go_seller_regressionTesting\test\seller_api_testing.js] 缺失测试数据
16-06-15 15:15:11.891 0 ERROR [car2go_seller_regressionTesting\test\seller_api_testing.js] uncaughtException: expected 120004 to be 0
	{"date":"Wed Jun 15 2016 15:15:11 GMT+0800 (中国标准时间)","process":{"pid":15092,"uid":null,"gid":null,"cwd":"D:\\SOSOQIPEI\\car2go_seller_regressionTesting","execPath":"E:\\Program Files\\nodejs\\node.exe","version":"v4.4.5","argv":["E:\\Program Files\\nodejs\\node.exe","D:\\SOSOQIPEI\\car2go_seller_regressionTesting\\node_modules\\mocha\\bin\\_mocha","--ui","bdd","--reporter","E:\\Program Files (x86)\\JetBrains\\WebStorm 2016.1.1\\plugins\\NodeJS\\js\\mocha-intellij\\lib\\mochaIntellijReporter.js","D:/SOSOQIPEI/car2go_seller_regressionTesting/test"],"memoryUsage":{"rss":40390656,"heapTotal":32151632,"heapUsed":16478592}},"os":{"loadavg":[0,0,0],"uptime":325774.3875209},"trace":[{"column":17,"file":"D:\\SOSOQIPEI\\car2go_seller_regressionTesting\\node_modules\\should\\cjs\\should.js","function":"Assertion.fail","line":326,"method":"fail","native":false},{"column":19,"file":"D:\\SOSOQIPEI\\car2go_seller_regressionTesting\\node_modules\\should\\cjs\\should.js","function":"Assertion.Object.defineProperty.value","line":398,"method":"Object.defineProperty.value","native":false},{"column":39,"file":"D:\\SOSOQIPEI\\car2go_seller_regressionTesting\\test\\seller_api_testing.js","function":"","line":148,"method":null,"native":false},{"column":6,"file":"D:\\SOSOQIPEI\\car2go_seller_regressionTesting\\node_modules\\supertest\\lib\\test.js","function":"Test.assert","line":156,"method":"assert","native":false},{"column":12,"file":"D:\\SOSOQIPEI\\car2go_seller_regressionTesting\\node_modules\\supertest\\lib\\test.js","function":"assert","line":127,"method":null,"native":false},{"column":5,"file":"D:\\SOSOQIPEI\\car2go_seller_regressionTesting\\node_modules\\supertest\\lib\\test.js","function":null,"line":124,"method":null,"native":false},{"column":12,"file":"D:\\SOSOQIPEI\\car2go_seller_regressionTesting\\node_modules\\supertest\\node_modules\\superagent\\lib\\node\\index.js","function":"Test.Request.callback","line":691,"method":"Request.callback","native":false},{"column":12,"file":"D:\\SOSOQIPEI\\car2go_seller_regressionTesting\\node_modules\\supertest\\node_modules\\superagent\\lib\\node\\index.js","function":"","line":922,"method":null,"native":false},{"column":20,"file":"events.js","function":"emitNone","line":72,"method":null,"native":false},{"column":7,"file":"events.js","function":"IncomingMessage.emit","line":166,"method":"emit","native":false},{"column":12,"file":"_stream_readable.js","function":"endReadableNT","line":913,"method":null,"native":false},{"column":9,"file":"node.js","function":"nextTickCallbackWith2Args","line":442,"method":null,"native":false},{"column":17,"file":"node.js","function":"process._tickCallback","line":356,"method":"_tickCallback","native":false}],"stack":["AssertionError: expected 120004 to be 0","    at Assertion.fail (D:\\SOSOQIPEI\\car2go_seller_regressionTesting\\node_modules\\should\\cjs\\should.js:326:17)","    at Assertion.Object.defineProperty.value (D:\\SOSOQIPEI\\car2go_seller_regressionTesting\\node_modules\\should\\cjs\\should.js:398:19)","    at Test.<anonymous> (D:\\SOSOQIPEI\\car2go_seller_regressionTesting\\test\\seller_api_testing.js:148:39)","    at Test.assert (D:\\SOSOQIPEI\\car2go_seller_regressionTesting\\node_modules\\supertest\\lib\\test.js:156:6)","    at assert (D:\\SOSOQIPEI\\car2go_seller_regressionTesting\\node_modules\\supertest\\lib\\test.js:127:12)","    at D:\\SOSOQIPEI\\car2go_seller_regressionTesting\\node_modules\\supertest\\lib\\test.js:124:5","    at Test.Request.callback (D:\\SOSOQIPEI\\car2go_seller_regressionTesting\\node_modules\\supertest\\node_modules\\superagent\\lib\\node\\index.js:691:12)","    at IncomingMessage.<anonymous> (D:\\SOSOQIPEI\\car2go_seller_regressionTesting\\node_modules\\supertest\\node_modules\\superagent\\lib\\node\\index.js:922:12)","    at emitNone (events.js:72:20)","    at IncomingMessage.emit (events.js:166:7)","    at endReadableNT (_stream_readable.js:913:12)","    at nextTickCallbackWith2Args (node.js:442:9)","    at process._tickCallback (node.js:356:17)"]}
16-06-15 15:16:50.910 0 ERROR [car2go_seller_regressionTesting\test\seller_api_testing.js] 缺失测试数据
16-06-15 15:19:19.646 0 ERROR [car2go_seller_regressionTesting\test\seller_api_testing.js] 退出系统错误：{ [AssertionError: expected 120004 to be 0]
  operator: 'to be',
  expected: 0,
  showDiff: true,
  actual: 120004,
  stackStartFunction: [Function],
  negate: false,
  assertion: 
   Assertion {
     obj: 120004,
     anyOne: false,
     negate: false,
     params: 
      { operator: 'to be',
        expected: 0,
        message: undefined,
        showDiff: true,
        actual: 120004,
        stackStartFunction: [Function],
        negate: false,
        assertion: [Circular] } } }
16-06-15 15:22:43.719 0 ERROR [car2go_seller_regressionTesting\test\seller_api_testing.js] 退出系统错误：{ [AssertionError: expected 120004 to be 0]
  operator: 'to be',
  expected: 0,
  showDiff: true,
  actual: 120004,
  stackStartFunction: [Function],
  negate: false,
  assertion: 
   Assertion {
     obj: 120004,
     anyOne: false,
     negate: false,
     params: 
      { operator: 'to be',
        expected: 0,
        message: undefined,
        showDiff: true,
        actual: 120004,
        stackStartFunction: [Function],
        negate: false,
        assertion: [Circular] } } }
16-06-15 15:24:46.696 0 ERROR [car2go_seller_regressionTesting\test\seller_api_testing.js] 退出系统错误：{ code: 120004,
  message: '[LOGIN] Malformed auth header,access or refresh token is malformed.',
  stack: 'Malformed auth header,token is empty.' }
16-06-15 15:34:30.779 0 ERROR [car2go_seller_regressionTesting\test\seller_api_testing.js] 退出系统错误：{ code: 120004,
  message: '[LOGIN] Malformed auth header,access or refresh token is malformed.',
  stack: 'Malformed auth header,token is empty.' }
16-06-15 15:37:48.455 0 ERROR [car2go_seller_regressionTesting\test\seller_api_testing.js] 退出系统错误：{ code: 120004,
  message: '[LOGIN] Malformed auth header,access or refresh token is malformed.',
  stack: 'Malformed auth header,token is empty.' }
16-06-15 15:38:39.460 0 ERROR [car2go_seller_regressionTesting\test\seller_api_testing.js] 退出系统错误：{ code: 120004,
  message: '[LOGIN] Malformed auth header,access or refresh token is malformed.',
  stack: 'Malformed auth header,token is empty.' }
